0 silly argv { _: [ 'run' ],
0 silly argv   stream: true,
0 silly argv   scope: '@user/command-service',
0 silly argv   lernaVersion: '3.16.4',
0 silly argv   '$0':
0 silly argv    '/Users/thomrick/Documents/OpenSourceProjects/nestjs/pocs/cqrs-microservices/node_modules/.bin/lerna',
0 silly argv   script: 'start:dev' }
1 notice cli v3.16.4
2 verbose rootPath /Users/thomrick/Documents/OpenSourceProjects/nestjs/pocs/cqrs-microservices
3 info filter [ '@user/command-service' ]
4 info Executing command in 1 package: "npm run start:dev"
5 silly npmRunScript.stream [ 'start:dev', [], '@user/command-service' ]
6 silly getExecOpts /Users/thomrick/Documents/OpenSourceProjects/nestjs/pocs/cqrs-microservices/packages/user-command-service undefined
7 error MaxBufferError: stdout maxBuffer exceeded
7 error     at PassThrough.stream.on (/Users/thomrick/Documents/OpenSourceProjects/nestjs/pocs/cqrs-microservices/node_modules/get-stream/index.js:41:19)
7 error     at PassThrough.emit (events.js:203:15)
7 error     at addChunk (_stream_readable.js:288:12)
7 error     at readableAddChunk (_stream_readable.js:265:13)
7 error     at PassThrough.Readable.push (_stream_readable.js:224:10)
7 error     at PassThrough.Transform.push (_stream_transform.js:151:32)
7 error     at PassThrough.afterTransform (_stream_transform.js:92:10)
7 error     at PassThrough._transform (_stream_passthrough.js:42:3)
7 error     at PassThrough.Transform._read (_stream_transform.js:190:10)
